2026-03-06 21:07:15 [INFO] __main__: ==================================================
2026-03-06 21:07:15 [INFO] __main__: Step 1/7: Generating waveforms
2026-03-06 21:07:15 [INFO] __main__: ==================================================
2026-03-06 21:07:15 [INFO] gen_wave: Generating 50000 waveforms into 'waveform_raw/'
2026-03-06 21:07:16 [INFO] gen_wave: Generated 50000 waveforms in 'waveform_raw/'
2026-03-06 21:07:16 [INFO] __main__: Finished: generate waveforms (1.1s)
2026-03-06 21:07:16 [INFO] __main__: ==================================================
2026-03-06 21:07:16 [INFO] __main__: Step 2/7: Subtracting baselines
2026-03-06 21:07:16 [INFO] __main__: ==================================================
2026-03-06 21:07:16 [INFO] numexpr.utils: NumExpr defaulting to 2 threads.
2026-03-06 21:07:16 [INFO] baseline_subtract: Processing 50000 waveforms (window=31, quantile=0.1)
2026-03-06 21:07:21 [INFO] baseline_subtract: Baseline subtracted for 50000 waveforms into 'waveform_baseline_removed/'
2026-03-06 21:07:21 [INFO] __main__: Finished: baseline subtraction (5.2s)
2026-03-06 21:07:21 [INFO] __main__: ==================================================
2026-03-06 21:07:21 [INFO] __main__: Step 3/7: Preparing ML dataset
2026-03-06 21:07:21 [INFO] __main__: ==================================================
2026-03-06 21:07:21 [INFO] prepare_ml_dataset: Saved training datasets to 'ml_training_data/' (50000 samples)
2026-03-06 21:07:21 [INFO] __main__: Finished: prepare dataset (0.3s)
2026-03-06 21:07:21 [INFO] __main__: ==================================================
2026-03-06 21:07:21 [INFO] __main__: Steps 4-5/7: Training both models in parallel
2026-03-06 21:07:21 [INFO] __main__: ==================================================
2026-03-06 21:07:30 [INFO] train_signal_model: Device: GPU (1 available)
2026-03-06 21:07:30 [INFO] train_count_model: Device: GPU (1 available)
2026-03-06 21:07:31 [INFO] train_signal_model: Loaded 50000 waveforms (120 time bins, max_signals=7)
2026-03-06 21:07:31 [INFO] train_count_model: Loaded 50000 waveforms (120 time bins)
2026-03-06 21:07:34 [INFO] train_signal_model: Using permutation-invariant training (PIT)
2026-03-06 21:07:34 [INFO] train_count_model: Class weights: {0: 1.029230135858378, 1: 0.9915470613023971, 2: 0.9836952512111747, 3: 1.0072775805192515, 4: 1.0056821038869612, 5: 0.9867528430816291, 6: 0.9972575417601596}
2026-03-06 21:07:57 [INFO] train_count_model: [Count] Epoch 1/30 - accuracy: 0.7594 - loss: 0.5644 - val_accuracy: 0.2406 - val_loss: 5.6122
2026-03-06 21:08:14 [INFO] train_count_model: [Count] Epoch 5/30 - accuracy: 0.9304 - loss: 0.1891 - val_accuracy: 0.9234 - val_loss: 0.1806
2026-03-06 21:08:33 [INFO] train_count_model: [Count] Epoch 10/30 - accuracy: 0.9679 - loss: 0.0869 - val_accuracy: 0.9472 - val_loss: 0.1627
2026-03-06 21:08:43 [INFO] train_signal_model: [Signal-PIT] Epoch 1/30 - loss: 0.1919 - mae: 0.3771 - val_loss: 0.2154 - val_mae: 0.3948
2026-03-06 21:08:50 [INFO] train_count_model: [Count] Epoch 15/30 - accuracy: 0.9805 - loss: 0.0525 - val_accuracy: 0.9521 - val_loss: 0.1682
2026-03-06 21:08:53 [INFO] train_count_model: Saved model to 'signal_count_model.keras' and training plot
2026-03-06 21:08:56 [INFO] train_count_model: Final validation accuracy: 0.9524
2026-03-06 21:08:56 [INFO] train_count_model: Classification Report:
              precision    recall  f1-score   support

           0       1.00      1.00      1.00      1380
           1       1.00      1.00      1.00      1455
           2       0.99      0.99      0.99      1459
           3       0.94      0.99      0.96      1470
           4       0.91      0.93      0.92      1370
           5       0.87      0.89      0.88      1481
           6       0.97      0.86      0.91      1385

    accuracy                           0.95     10000
   macro avg       0.95      0.95      0.95     10000
weighted avg       0.95      0.95      0.95     10000

2026-03-06 21:08:56 [INFO] train_count_model: ROC AUC (macro OVR): 0.9962
2026-03-06 21:08:56 [INFO] train_count_model: PR AUC (macro): 0.9777
2026-03-06 21:08:56 [INFO] train_count_model: Saved confusion matrix to 'training_plots/count_model_confusion_matrix.png'
2026-03-06 21:11:20 [INFO] train_signal_model: [Signal-PIT] Epoch 5/30 - loss: 0.0499 - mae: 0.1771 - val_loss: 0.0350 - val_mae: 0.1417
2026-03-06 21:14:29 [INFO] train_signal_model: [Signal-PIT] Epoch 10/30 - loss: 0.0326 - mae: 0.1402 - val_loss: 0.0235 - val_mae: 0.1109
2026-03-06 21:17:01 [INFO] train_signal_model: Reducing learning rate: 1.00e-03 -> 5.00e-04
2026-03-06 21:17:38 [INFO] train_signal_model: [Signal-PIT] Epoch 15/30 - loss: 0.0234 - mae: 0.1170 - val_loss: 0.0198 - val_mae: 0.0981
2026-03-06 21:20:48 [INFO] train_signal_model: [Signal-PIT] Epoch 20/30 - loss: 0.0195 - mae: 0.1079 - val_loss: 0.0192 - val_mae: 0.0973
2026-03-06 21:23:59 [INFO] train_signal_model: [Signal-PIT] Epoch 25/30 - loss: 0.0164 - mae: 0.0994 - val_loss: 0.0182 - val_mae: 0.0933
2026-03-06 21:25:14 [INFO] train_signal_model: Reducing learning rate: 5.00e-04 -> 2.50e-04
2026-03-06 21:27:06 [INFO] train_signal_model: [Signal-PIT] Epoch 30/30 - loss: 0.0133 - mae: 0.0894 - val_loss: 0.0177 - val_mae: 0.0886
2026-03-06 21:27:06 [INFO] train_signal_model: Saved model to 'signal_model.keras' and training plot
2026-03-06 21:27:08 [INFO] train_signal_model: t0  - MAE: 18.8880 ns, RMSE: 30.2091 ns, Pearson: 0.5660, Spearman: 0.6801
2026-03-06 21:27:08 [INFO] train_signal_model: amp - MAE: 1.8487, RMSE: 2.8208, Pearson: 0.7168, Spearman: 0.7480
2026-03-06 21:27:08 [INFO] train_signal_model: Saved per-slot MAE plot to 'training_plots/signal_model_per_slot_mae.png'
2026-03-06 21:27:09 [INFO] __main__: ==================================================
2026-03-06 21:27:09 [INFO] __main__: Step 6/7: Comparing predictions
2026-03-06 21:27:09 [INFO] __main__: ==================================================
2026-03-06 21:27:27 [INFO] compare_signal_predictions: ==================================================
2026-03-06 21:27:27 [INFO] compare_signal_predictions: Signal Prediction Metrics (Hungarian matching)
2026-03-06 21:27:27 [INFO] compare_signal_predictions: ==================================================
2026-03-06 21:27:27 [INFO] compare_signal_predictions:   t0  - MAE: 18.8605 ns, RMSE: 26.3633 ns, R2: 0.2427, Pearson: 0.7194, Spearman: 0.7295
2026-03-06 21:27:27 [INFO] compare_signal_predictions:   amp - MAE: 1.9362, RMSE: 2.6130, R2: -0.0818, Pearson: 0.6382, Spearman: 0.6325
2026-03-06 21:27:27 [INFO] compare_signal_predictions:   Count model accuracy: 0.9734
2026-03-06 21:27:27 [INFO] compare_signal_predictions:   Per-true-count breakdown:
2026-03-06 21:27:27 [INFO] compare_signal_predictions:     count=1: n=7218, t0 MAE=1.1190 ns, amp MAE=0.3395
2026-03-06 21:27:27 [INFO] compare_signal_predictions:     count=2: n=14530, t0 MAE=18.2075 ns, amp MAE=1.3822
2026-03-06 21:27:27 [INFO] compare_signal_predictions:     count=3: n=21389, t0 MAE=24.0789 ns, amp MAE=1.9091
2026-03-06 21:27:27 [INFO] compare_signal_predictions:     count=4: n=27992, t0 MAE=22.6491 ns, amp MAE=1.8876
2026-03-06 21:27:27 [INFO] compare_signal_predictions:     count=5: n=35962, t0 MAE=17.6720 ns, amp MAE=1.9965
2026-03-06 21:27:27 [INFO] compare_signal_predictions:     count=6: n=42080, t0 MAE=17.9723 ns, amp MAE=2.3961
2026-03-06 21:27:27 [INFO] compare_signal_predictions: ==================================================
2026-03-06 21:27:30 [INFO] compare_signal_predictions: Comparison plots saved (149171 signal pairs, count accuracy: 0.9734)
2026-03-06 21:27:30 [INFO] __main__: Finished: compare predictions (15.0s)
2026-03-06 21:27:30 [INFO] __main__: ==================================================
2026-03-06 21:27:30 [INFO] __main__: Step 7/7: Plotting individual waveforms
2026-03-06 21:27:30 [INFO] __main__: ==================================================
2026-03-06 21:28:17 [INFO] plot_individual_waveform: Saved 299 waveform plots to 'waveform_inspection/'
2026-03-06 21:28:17 [INFO] __main__: Finished: plot individual waveforms (47.6s)
2026-03-06 21:28:17 [INFO] __main__: ==================================================
2026-03-06 21:28:17 [INFO] __main__: Pipeline timing summary:
2026-03-06 21:28:17 [INFO] __main__:   Step 1/7: Generating waveforms: 1.1s
2026-03-06 21:28:17 [INFO] __main__:   Step 2/7: Subtracting baselines: 5.5s
2026-03-06 21:28:17 [INFO] __main__:   Step 3/7: Preparing ML dataset: 0.3s
2026-03-06 21:28:17 [INFO] __main__:   Steps 4-5/7: Training both models (parallel): 1187.1s
2026-03-06 21:28:17 [INFO] __main__:   Step 6/7: Comparing predictions: 21.2s
2026-03-06 21:28:17 [INFO] __main__:   Step 7/7: Plotting individual waveforms: 47.6s
2026-03-06 21:28:17 [INFO] __main__:   Total: 1262.9s
2026-03-06 21:28:17 [INFO] __main__: ==================================================
