2026-03-06 01:51:40 [INFO] __main__: ==================================================
2026-03-06 01:51:40 [INFO] __main__: Step 1/7: Generating waveforms
2026-03-06 01:51:40 [INFO] __main__: ==================================================
2026-03-06 01:51:40 [INFO] gen_wave: Generating 500 waveforms into 'waveform_raw/'
2026-03-06 01:51:40 [INFO] gen_wave: Generated 500 waveforms in 'waveform_raw/'
2026-03-06 01:51:40 [INFO] __main__: Finished: generate waveforms (0.3s)
2026-03-06 01:51:40 [INFO] __main__: ==================================================
2026-03-06 01:51:40 [INFO] __main__: Step 2/7: Subtracting baselines
2026-03-06 01:51:40 [INFO] __main__: ==================================================
2026-03-06 01:51:40 [INFO] baseline_subtract: Processing 500 waveforms (window=31, quantile=0.1)
2026-03-06 01:51:41 [INFO] baseline_subtract: Baseline subtracted for 500 waveforms into 'waveform_baseline_removed/'
2026-03-06 01:51:41 [INFO] __main__: Finished: baseline subtraction (0.3s)
2026-03-06 01:51:41 [INFO] __main__: ==================================================
2026-03-06 01:51:41 [INFO] __main__: Step 3/7: Preparing ML dataset
2026-03-06 01:51:41 [INFO] __main__: ==================================================
2026-03-06 01:51:41 [INFO] prepare_ml_dataset: Saved training datasets to 'ml_training_data/' (500 samples)
2026-03-06 01:51:41 [INFO] __main__: Finished: prepare dataset (0.1s)
2026-03-06 01:51:41 [INFO] __main__: ==================================================
2026-03-06 01:51:41 [INFO] __main__: Step 4/7: Training count model
2026-03-06 01:51:41 [INFO] __main__: ==================================================
2026-03-06 01:51:43 [INFO] train_count_model: Loaded 500 waveforms (120 time bins)
2026-03-06 01:51:46 [INFO] train_count_model: Saved model to 'signal_count_model.keras' and training plot
2026-03-06 01:51:46 [INFO] train_count_model: Final validation accuracy: 0.4100
2026-03-06 01:51:46 [INFO] train_count_model: Classification Report:
              precision    recall  f1-score   support

           0       0.33      1.00      0.49        13
           1       0.00      0.00      0.00        14
           2       0.00      0.00      0.00        12
           3       1.00      0.09      0.17        11
           4       0.27      0.70      0.39        10
           5       0.42      0.36      0.38        14
           6       0.71      0.58      0.64        26

    accuracy                           0.41       100
   macro avg       0.39      0.39      0.30       100
weighted avg       0.42      0.41      0.34       100

2026-03-06 01:51:46 [INFO] train_count_model: ROC AUC (macro OVR): 0.7864
2026-03-06 01:51:46 [INFO] train_count_model: PR AUC (macro): 0.4472
2026-03-06 01:51:46 [INFO] train_count_model: Saved confusion matrix to 'training_plots/count_model_confusion_matrix.png'
2026-03-06 01:51:46 [INFO] __main__: Finished: train count model (2.6s)
2026-03-06 01:51:46 [INFO] __main__: ==================================================
2026-03-06 01:51:46 [INFO] __main__: Step 5/7: Training signal model
2026-03-06 01:51:46 [INFO] __main__: ==================================================
2026-03-06 01:51:46 [INFO] train_signal_model: Loaded 500 waveforms (120 time bins, max_signals=7)
2026-03-06 01:51:48 [INFO] train_signal_model: Saved model to 'signal_model.keras' and training plot
2026-03-06 01:51:48 [INFO] train_signal_model: t0  - MAE: 19.8607 ns, RMSE: 34.1848 ns, Pearson: 0.4671, Spearman: 0.5346
2026-03-06 01:51:48 [INFO] train_signal_model: amp - MAE: 1.9455, RMSE: 2.8645, Pearson: 0.7258, Spearman: 0.7079
2026-03-06 01:51:48 [INFO] train_signal_model: Saved per-slot MAE plot to 'training_plots/signal_model_per_slot_mae.png'
2026-03-06 01:51:48 [INFO] __main__: Finished: train signal model (2.4s)
2026-03-06 01:51:48 [INFO] __main__: ==================================================
2026-03-06 01:51:48 [INFO] __main__: Step 6/7: Comparing predictions
2026-03-06 01:51:48 [INFO] __main__: ==================================================
2026-03-06 01:51:49 [WARNING] tensorflow: 5 out of the last 9 calls to <function TensorFlowTrainer.make_predict_function.<locals>.one_step_on_data_distributed at 0x792c0035eef0> triggered tf.function retracing. Tracing is expensive and the excessive number of tracings could be due to (1) creating @tf.function repeatedly in a loop, (2) passing tensors with different shapes, (3) passing Python objects instead of tensors. For (1), please define your @tf.function outside of the loop. For (2), @tf.function has reduce_retracing=True option that can avoid unnecessary retracing. For (3), please refer to https://www.tensorflow.org/guide/function#controlling_retracing and https://www.tensorflow.org/api_docs/python/tf/function for  more details.
2026-03-06 01:51:49 [INFO] compare_signal_predictions: ==================================================
2026-03-06 01:51:49 [INFO] compare_signal_predictions: Signal Prediction Metrics (positional matching)
2026-03-06 01:51:49 [INFO] compare_signal_predictions: ==================================================
2026-03-06 01:51:49 [INFO] compare_signal_predictions:   t0  - MAE: 25.9421 ns, RMSE: 38.2899 ns, R2: -0.3625, Pearson: 0.2173, Spearman: 0.2600
2026-03-06 01:51:49 [INFO] compare_signal_predictions:   amp - MAE: 2.6455, RMSE: 3.3361, R2: -0.0514, Pearson: 0.4164, Spearman: 0.3476
2026-03-06 01:51:49 [INFO] compare_signal_predictions:   Count model accuracy: 0.3940
2026-03-06 01:51:49 [INFO] compare_signal_predictions:   Per-true-count breakdown:
2026-03-06 01:51:49 [INFO] compare_signal_predictions:     count=2: n=44, t0 MAE=27.9919 ns, amp MAE=3.3895
2026-03-06 01:51:49 [INFO] compare_signal_predictions:     count=3: n=201, t0 MAE=20.1818 ns, amp MAE=2.7770
2026-03-06 01:51:49 [INFO] compare_signal_predictions:     count=4: n=301, t0 MAE=23.3151 ns, amp MAE=2.3209
2026-03-06 01:51:49 [INFO] compare_signal_predictions:     count=5: n=356, t0 MAE=24.9687 ns, amp MAE=2.2163
2026-03-06 01:51:49 [INFO] compare_signal_predictions:     count=6: n=422, t0 MAE=31.1669 ns, amp MAE=3.0989
2026-03-06 01:51:49 [INFO] compare_signal_predictions: ==================================================
2026-03-06 01:51:50 [INFO] compare_signal_predictions: Comparison plots saved (1324 signal pairs, count accuracy: 0.3940)
2026-03-06 01:51:50 [INFO] __main__: Finished: compare predictions (1.6s)
2026-03-06 01:51:50 [INFO] __main__: ==================================================
2026-03-06 01:51:50 [INFO] __main__: Step 7/7: Plotting individual waveforms
2026-03-06 01:51:50 [INFO] __main__: ==================================================
2026-03-06 01:51:52 [INFO] plot_individual_waveform: Saved 9 waveform plots to 'waveform_inspection/'
2026-03-06 01:51:52 [INFO] __main__: Finished: plot individual waveforms (1.6s)
2026-03-06 01:51:52 [INFO] __main__: ==================================================
2026-03-06 01:51:52 [INFO] __main__: Pipeline timing summary:
2026-03-06 01:51:52 [INFO] __main__:   Step 1/7: Generating waveforms: 0.5s
2026-03-06 01:51:52 [INFO] __main__:   Step 2/7: Subtracting baselines: 0.6s
2026-03-06 01:51:52 [INFO] __main__:   Step 3/7: Preparing ML dataset: 0.1s
2026-03-06 01:51:52 [INFO] __main__:   Step 4/7: Training count model: 5.4s
2026-03-06 01:51:52 [INFO] __main__:   Step 5/7: Training signal model: 2.4s
2026-03-06 01:51:52 [INFO] __main__:   Step 6/7: Comparing predictions: 1.6s
2026-03-06 01:51:52 [INFO] __main__:   Step 7/7: Plotting individual waveforms: 1.6s
2026-03-06 01:51:52 [INFO] __main__:   Total: 12.1s
2026-03-06 01:51:52 [INFO] __main__: ==================================================
2026-03-06 01:51:52 [INFO] __main__: Experiment saved to 'experiments/2026-03-06_01-51-52_test_run/'
2026-03-06 01:59:32 [INFO] __main__: ==================================================
2026-03-06 01:59:32 [INFO] __main__: Step 1/7: Generating waveforms
2026-03-06 01:59:32 [INFO] __main__: ==================================================
2026-03-06 01:59:32 [INFO] gen_wave: Generating 500 waveforms into 'waveform_raw/'
2026-03-06 01:59:32 [INFO] gen_wave: Generated 500 waveforms in 'waveform_raw/'
2026-03-06 01:59:32 [INFO] __main__: Finished: generate waveforms (0.4s)
2026-03-06 01:59:32 [INFO] __main__: ==================================================
2026-03-06 01:59:32 [INFO] __main__: Step 2/7: Subtracting baselines
2026-03-06 01:59:32 [INFO] __main__: ==================================================
2026-03-06 01:59:32 [INFO] baseline_subtract: Processing 500 waveforms (window=31, quantile=0.1)
2026-03-06 01:59:33 [INFO] baseline_subtract: Baseline subtracted for 500 waveforms into 'waveform_baseline_removed/'
2026-03-06 01:59:33 [INFO] __main__: Finished: baseline subtraction (0.4s)
2026-03-06 01:59:33 [INFO] __main__: ==================================================
2026-03-06 01:59:33 [INFO] __main__: Step 3/7: Preparing ML dataset
2026-03-06 01:59:33 [INFO] __main__: ==================================================
2026-03-06 01:59:33 [INFO] prepare_ml_dataset: Saved training datasets to 'ml_training_data/' (500 samples)
2026-03-06 01:59:33 [INFO] __main__: Finished: prepare dataset (0.1s)
2026-03-06 01:59:33 [INFO] __main__: ==================================================
2026-03-06 01:59:33 [INFO] __main__: Step 4/7: Training count model
2026-03-06 01:59:33 [INFO] __main__: ==================================================
2026-03-06 01:59:35 [INFO] train_count_model: Loaded 500 waveforms (120 time bins)
2026-03-06 01:59:38 [INFO] train_count_model: Saved model to 'signal_count_model.keras' and training plot
2026-03-06 01:59:38 [INFO] train_count_model: Final validation accuracy: 0.4600
2026-03-06 01:59:38 [INFO] train_count_model: Classification Report:
              precision    recall  f1-score   support

           0       1.00      0.47      0.64        19
           1       0.53      0.95      0.68        19
           2       1.00      0.05      0.09        22
           3       0.23      0.71      0.34         7
           4       0.43      0.27      0.33        11
           5       0.40      0.33      0.36        12
           6       0.35      0.60      0.44        10

    accuracy                           0.46       100
   macro avg       0.56      0.48      0.41       100
weighted avg       0.66      0.46      0.42       100

2026-03-06 01:59:38 [INFO] train_count_model: ROC AUC (macro OVR): 0.8600
2026-03-06 01:59:38 [INFO] train_count_model: PR AUC (macro): 0.5149
2026-03-06 01:59:38 [INFO] train_count_model: Saved confusion matrix to 'training_plots/count_model_confusion_matrix.png'
2026-03-06 01:59:38 [INFO] __main__: Finished: train count model (2.6s)
2026-03-06 01:59:38 [INFO] __main__: ==================================================
2026-03-06 01:59:38 [INFO] __main__: Step 5/7: Training signal model
2026-03-06 01:59:38 [INFO] __main__: ==================================================
2026-03-06 01:59:38 [INFO] train_signal_model: Loaded 500 waveforms (120 time bins, max_signals=7)
2026-03-06 01:59:40 [INFO] train_signal_model: Saved model to 'signal_model.keras' and training plot
2026-03-06 01:59:40 [INFO] train_signal_model: t0  - MAE: 18.9732 ns, RMSE: 27.6448 ns, Pearson: 0.5894, Spearman: 0.5971
2026-03-06 01:59:40 [INFO] train_signal_model: amp - MAE: 2.1008, RMSE: 3.0022, Pearson: 0.6632, Spearman: 0.6923
2026-03-06 01:59:40 [INFO] train_signal_model: Saved per-slot MAE plot to 'training_plots/signal_model_per_slot_mae.png'
2026-03-06 01:59:40 [INFO] __main__: Finished: train signal model (2.3s)
2026-03-06 01:59:40 [INFO] __main__: ==================================================
2026-03-06 01:59:40 [INFO] __main__: Step 6/7: Comparing predictions
2026-03-06 01:59:40 [INFO] __main__: ==================================================
2026-03-06 01:59:41 [WARNING] tensorflow: 5 out of the last 9 calls to <function TensorFlowTrainer.make_predict_function.<locals>.one_step_on_data_distributed at 0x7ebdc2216680> triggered tf.function retracing. Tracing is expensive and the excessive number of tracings could be due to (1) creating @tf.function repeatedly in a loop, (2) passing tensors with different shapes, (3) passing Python objects instead of tensors. For (1), please define your @tf.function outside of the loop. For (2), @tf.function has reduce_retracing=True option that can avoid unnecessary retracing. For (3), please refer to https://www.tensorflow.org/guide/function#controlling_retracing and https://www.tensorflow.org/api_docs/python/tf/function for  more details.
2026-03-06 01:59:41 [INFO] compare_signal_predictions: ==================================================
2026-03-06 01:59:41 [INFO] compare_signal_predictions: Signal Prediction Metrics (positional matching)
2026-03-06 01:59:41 [INFO] compare_signal_predictions: ==================================================
2026-03-06 01:59:41 [INFO] compare_signal_predictions:   t0  - MAE: 24.8439 ns, RMSE: 32.4849 ns, R2: 0.0589, Pearson: 0.4254, Spearman: 0.4395
2026-03-06 01:59:41 [INFO] compare_signal_predictions:   amp - MAE: 2.8113, RMSE: 3.4368, R2: -0.0382, Pearson: 0.3547, Spearman: 0.3172
2026-03-06 01:59:41 [INFO] compare_signal_predictions:   Count model accuracy: 0.5620
2026-03-06 01:59:41 [INFO] compare_signal_predictions:   Per-true-count breakdown:
2026-03-06 01:59:41 [INFO] compare_signal_predictions:     count=0: n=22, t0 MAE=45.4342 ns, amp MAE=5.1367
2026-03-06 01:59:41 [INFO] compare_signal_predictions:     count=1: n=79, t0 MAE=29.0106 ns, amp MAE=2.5696
2026-03-06 01:59:41 [INFO] compare_signal_predictions:     count=2: n=194, t0 MAE=31.6358 ns, amp MAE=2.9995
2026-03-06 01:59:41 [INFO] compare_signal_predictions:     count=3: n=236, t0 MAE=26.2919 ns, amp MAE=2.1701
2026-03-06 01:59:41 [INFO] compare_signal_predictions:     count=4: n=310, t0 MAE=22.7681 ns, amp MAE=2.3915
2026-03-06 01:59:41 [INFO] compare_signal_predictions:     count=5: n=319, t0 MAE=20.4602 ns, amp MAE=2.8042
2026-03-06 01:59:41 [INFO] compare_signal_predictions:     count=6: n=410, t0 MAE=23.8692 ns, amp MAE=3.3362
2026-03-06 01:59:41 [INFO] compare_signal_predictions: ==================================================
2026-03-06 01:59:42 [INFO] compare_signal_predictions: Comparison plots saved (1570 signal pairs, count accuracy: 0.5620)
2026-03-06 01:59:42 [INFO] __main__: Finished: compare predictions (1.5s)
2026-03-06 01:59:42 [INFO] __main__: ==================================================
2026-03-06 01:59:42 [INFO] __main__: Step 7/7: Plotting individual waveforms
2026-03-06 01:59:42 [INFO] __main__: ==================================================
2026-03-06 01:59:44 [INFO] plot_individual_waveform: Saved 9 waveform plots to 'waveform_inspection/'
2026-03-06 01:59:44 [INFO] __main__: Finished: plot individual waveforms (1.7s)
2026-03-06 01:59:44 [INFO] __main__: ==================================================
2026-03-06 01:59:44 [INFO] __main__: Pipeline timing summary:
2026-03-06 01:59:44 [INFO] __main__:   Step 1/7: Generating waveforms: 0.6s
2026-03-06 01:59:44 [INFO] __main__:   Step 2/7: Subtracting baselines: 0.6s
2026-03-06 01:59:44 [INFO] __main__:   Step 3/7: Preparing ML dataset: 0.1s
2026-03-06 01:59:44 [INFO] __main__:   Step 4/7: Training count model: 5.2s
2026-03-06 01:59:44 [INFO] __main__:   Step 5/7: Training signal model: 2.3s
2026-03-06 01:59:44 [INFO] __main__:   Step 6/7: Comparing predictions: 1.5s
2026-03-06 01:59:44 [INFO] __main__:   Step 7/7: Plotting individual waveforms: 1.7s
2026-03-06 01:59:44 [INFO] __main__:   Total: 12.0s
2026-03-06 01:59:44 [INFO] __main__: ==================================================
2026-03-06 01:59:44 [INFO] __main__: Experiment saved to 'experiments/2026-03-06_01-59-44_verify_fix/'
2026-03-06 02:08:28 [INFO] __main__: ==================================================
2026-03-06 02:08:28 [INFO] __main__: Step 1/7: Generating waveforms
2026-03-06 02:08:28 [INFO] __main__: ==================================================
2026-03-06 02:08:28 [INFO] gen_wave: Generating 500 waveforms into 'waveform_raw/'
2026-03-06 02:08:28 [INFO] gen_wave: Generated 500 waveforms in 'waveform_raw/'
2026-03-06 02:08:28 [INFO] __main__: Finished: generate waveforms (0.1s)
2026-03-06 02:08:28 [INFO] __main__: ==================================================
2026-03-06 02:08:28 [INFO] __main__: Step 2/7: Subtracting baselines
2026-03-06 02:08:28 [INFO] __main__: ==================================================
2026-03-06 02:08:28 [INFO] baseline_subtract: Processing 500 waveforms (window=31, quantile=0.1)
2026-03-06 02:08:28 [INFO] baseline_subtract: Baseline subtracted for 500 waveforms into 'waveform_baseline_removed/'
2026-03-06 02:08:28 [INFO] __main__: Finished: baseline subtraction (0.1s)
2026-03-06 02:08:28 [INFO] __main__: ==================================================
2026-03-06 02:08:28 [INFO] __main__: Step 3/7: Preparing ML dataset
2026-03-06 02:08:28 [INFO] __main__: ==================================================
2026-03-06 02:08:28 [INFO] prepare_ml_dataset: Saved training datasets to 'ml_training_data/' (500 samples)
2026-03-06 02:08:28 [INFO] __main__: Finished: prepare dataset (0.0s)
2026-03-06 02:08:28 [INFO] __main__: ==================================================
2026-03-06 02:08:28 [INFO] __main__: Step 4/7: Training count model
2026-03-06 02:08:28 [INFO] __main__: ==================================================
2026-03-06 02:08:30 [INFO] train_count_model: Loaded 500 waveforms (120 time bins)
2026-03-06 02:08:32 [INFO] train_count_model: Saved model to 'signal_count_model.keras' and training plot
2026-03-06 02:08:32 [INFO] train_count_model: Final validation accuracy: 0.5300
2026-03-06 02:08:32 [INFO] train_count_model: Classification Report:
              precision    recall  f1-score   support

           0       0.79      1.00      0.88        15
           1       0.62      0.71      0.67        14
           2       0.54      0.44      0.48        16
           3       0.00      0.00      0.00        16
           4       0.27      0.27      0.27        11
           5       0.40      0.53      0.46        15
           6       0.59      0.77      0.67        13

    accuracy                           0.53       100
   macro avg       0.46      0.53      0.49       100
weighted avg       0.46      0.53      0.49       100

2026-03-06 02:08:32 [INFO] train_count_model: ROC AUC (macro OVR): 0.8473
2026-03-06 02:08:32 [INFO] train_count_model: PR AUC (macro): 0.5558
2026-03-06 02:08:32 [INFO] train_count_model: Saved confusion matrix to 'training_plots/count_model_confusion_matrix.png'
2026-03-06 02:08:32 [INFO] __main__: Finished: train count model (2.1s)
2026-03-06 02:08:32 [INFO] __main__: ==================================================
2026-03-06 02:08:32 [INFO] __main__: Step 5/7: Training signal model
2026-03-06 02:08:32 [INFO] __main__: ==================================================
2026-03-06 02:08:32 [INFO] train_signal_model: Loaded 500 waveforms (120 time bins, max_signals=7)
2026-03-06 02:08:34 [INFO] train_signal_model: Saved model to 'signal_model.keras' and training plot
2026-03-06 02:08:34 [INFO] train_signal_model: t0  - MAE: 20.3011 ns, RMSE: 29.1399 ns, Pearson: 0.5738, Spearman: 0.5713
2026-03-06 02:08:34 [INFO] train_signal_model: amp - MAE: 1.9627, RMSE: 2.6465, Pearson: 0.7333, Spearman: 0.7479
2026-03-06 02:08:34 [INFO] train_signal_model: Saved per-slot MAE plot to 'training_plots/signal_model_per_slot_mae.png'
2026-03-06 02:08:34 [INFO] __main__: Finished: train signal model (1.7s)
2026-03-06 02:08:34 [INFO] __main__: ==================================================
2026-03-06 02:08:34 [INFO] __main__: Step 6/7: Comparing predictions
2026-03-06 02:08:34 [INFO] __main__: ==================================================
2026-03-06 02:08:34 [WARNING] tensorflow: 5 out of the last 9 calls to <function TensorFlowTrainer.make_predict_function.<locals>.one_step_on_data_distributed at 0x7476441aa4d0> triggered tf.function retracing. Tracing is expensive and the excessive number of tracings could be due to (1) creating @tf.function repeatedly in a loop, (2) passing tensors with different shapes, (3) passing Python objects instead of tensors. For (1), please define your @tf.function outside of the loop. For (2), @tf.function has reduce_retracing=True option that can avoid unnecessary retracing. For (3), please refer to https://www.tensorflow.org/guide/function#controlling_retracing and https://www.tensorflow.org/api_docs/python/tf/function for  more details.
2026-03-06 02:08:34 [INFO] compare_signal_predictions: ==================================================
2026-03-06 02:08:34 [INFO] compare_signal_predictions: Signal Prediction Metrics (positional matching)
2026-03-06 02:08:34 [INFO] compare_signal_predictions: ==================================================
2026-03-06 02:08:34 [INFO] compare_signal_predictions:   t0  - MAE: 23.0676 ns, RMSE: 33.2098 ns, R2: 0.0140, Pearson: 0.4342, Spearman: 0.4487
2026-03-06 02:08:34 [INFO] compare_signal_predictions:   amp - MAE: 2.5127, RMSE: 3.0579, R2: 0.0627, Pearson: 0.3973, Spearman: 0.3405
2026-03-06 02:08:34 [INFO] compare_signal_predictions:   Count model accuracy: 0.5880
2026-03-06 02:08:34 [INFO] compare_signal_predictions:   Per-true-count breakdown:
2026-03-06 02:08:34 [INFO] compare_signal_predictions:     count=1: n=54, t0 MAE=35.7196 ns, amp MAE=4.0069
2026-03-06 02:08:34 [INFO] compare_signal_predictions:     count=2: n=127, t0 MAE=33.5512 ns, amp MAE=3.2164
2026-03-06 02:08:34 [INFO] compare_signal_predictions:     count=3: n=193, t0 MAE=28.0266 ns, amp MAE=2.5062
2026-03-06 02:08:34 [INFO] compare_signal_predictions:     count=4: n=315, t0 MAE=21.5527 ns, amp MAE=2.3415
2026-03-06 02:08:34 [INFO] compare_signal_predictions:     count=5: n=401, t0 MAE=14.7443 ns, amp MAE=2.2692
2026-03-06 02:08:34 [INFO] compare_signal_predictions:     count=6: n=511, t0 MAE=24.7178 ns, amp MAE=2.4790
2026-03-06 02:08:34 [INFO] compare_signal_predictions: ==================================================
2026-03-06 02:08:35 [INFO] compare_signal_predictions: Comparison plots saved (1601 signal pairs, count accuracy: 0.5880)
2026-03-06 02:08:35 [INFO] __main__: Finished: compare predictions (1.0s)
2026-03-06 02:08:35 [INFO] __main__: ==================================================
2026-03-06 02:08:35 [INFO] __main__: Step 7/7: Plotting individual waveforms
2026-03-06 02:08:35 [INFO] __main__: ==================================================
2026-03-06 02:08:37 [INFO] plot_individual_waveform: Saved 9 waveform plots to 'waveform_inspection/'
2026-03-06 02:08:37 [INFO] __main__: Finished: plot individual waveforms (1.6s)
2026-03-06 02:08:37 [INFO] __main__: ==================================================
2026-03-06 02:08:37 [INFO] __main__: Pipeline timing summary:
2026-03-06 02:08:37 [INFO] __main__:   Step 1/7: Generating waveforms: 0.1s
2026-03-06 02:08:37 [INFO] __main__:   Step 2/7: Subtracting baselines: 0.2s
2026-03-06 02:08:37 [INFO] __main__:   Step 3/7: Preparing ML dataset: 0.0s
2026-03-06 02:08:37 [INFO] __main__:   Step 4/7: Training count model: 4.2s
2026-03-06 02:08:37 [INFO] __main__:   Step 5/7: Training signal model: 1.7s
2026-03-06 02:08:37 [INFO] __main__:   Step 6/7: Comparing predictions: 1.0s
2026-03-06 02:08:37 [INFO] __main__:   Step 7/7: Plotting individual waveforms: 1.6s
2026-03-06 02:08:37 [INFO] __main__:   Total: 8.9s
2026-03-06 02:08:37 [INFO] __main__: ==================================================
2026-03-06 02:08:37 [INFO] __main__: Experiment saved to 'experiments/2026-03-06_02-08-37_npz_test/'
2026-03-06 02:19:49 [INFO] __main__: ==================================================
2026-03-06 02:19:49 [INFO] __main__: Step 1/7: Generating waveforms
2026-03-06 02:19:49 [INFO] __main__: ==================================================
2026-03-06 02:19:49 [INFO] gen_wave: Generating 500 waveforms into 'waveform_raw/'
2026-03-06 02:19:49 [INFO] gen_wave: Generated 500 waveforms in 'waveform_raw/'
2026-03-06 02:19:49 [INFO] __main__: Finished: generate waveforms (0.1s)
2026-03-06 02:19:49 [INFO] __main__: ==================================================
2026-03-06 02:19:49 [INFO] __main__: Step 2/7: Subtracting baselines
2026-03-06 02:19:49 [INFO] __main__: ==================================================
2026-03-06 02:19:49 [INFO] baseline_subtract: Processing 500 waveforms (window=31, quantile=0.1)
2026-03-06 02:19:50 [INFO] baseline_subtract: Baseline subtracted for 500 waveforms into 'waveform_baseline_removed/'
2026-03-06 02:19:50 [INFO] __main__: Finished: baseline subtraction (0.1s)
2026-03-06 02:19:50 [INFO] __main__: ==================================================
2026-03-06 02:19:50 [INFO] __main__: Step 3/7: Preparing ML dataset
2026-03-06 02:19:50 [INFO] __main__: ==================================================
2026-03-06 02:19:50 [INFO] prepare_ml_dataset: Saved training datasets to 'ml_training_data/' (500 samples)
2026-03-06 02:19:50 [INFO] __main__: Finished: prepare dataset (0.0s)
2026-03-06 02:19:50 [INFO] __main__: ==================================================
2026-03-06 02:19:50 [INFO] __main__: Step 4/7: Training count model
2026-03-06 02:19:50 [INFO] __main__: ==================================================
2026-03-06 02:19:52 [INFO] train_count_model: Loaded 500 waveforms (120 time bins)
2026-03-06 02:19:53 [INFO] train_count_model: Saved model to 'signal_count_model.keras' and training plot
2026-03-06 02:19:54 [INFO] train_count_model: Final validation accuracy: 0.4400
2026-03-06 02:19:54 [INFO] train_count_model: Classification Report:
              precision    recall  f1-score   support

           0       0.67      1.00      0.80         6
           1       0.47      0.83      0.60        18
           2       0.00      0.00      0.00        16
           3       0.50      0.08      0.14        12
           4       0.31      0.50      0.38        16
           5       0.36      0.31      0.33        16
           6       0.53      0.56      0.55        16

    accuracy                           0.44       100
   macro avg       0.40      0.47      0.40       100
weighted avg       0.38      0.44      0.37       100

2026-03-06 02:19:54 [INFO] train_count_model: ROC AUC (macro OVR): 0.8083
2026-03-06 02:19:54 [INFO] train_count_model: PR AUC (macro): 0.4992
2026-03-06 02:19:54 [INFO] train_count_model: Saved confusion matrix to 'training_plots/count_model_confusion_matrix.png'
2026-03-06 02:19:54 [INFO] __main__: Finished: train count model (2.0s)
2026-03-06 02:19:54 [INFO] __main__: ==================================================
2026-03-06 02:19:54 [INFO] __main__: Step 5/7: Training signal model
2026-03-06 02:19:54 [INFO] __main__: ==================================================
2026-03-06 02:19:54 [INFO] train_signal_model: Loaded 500 waveforms (120 time bins, max_signals=7)
2026-03-06 02:19:55 [INFO] train_signal_model: Saved model to 'signal_model.keras' and training plot
2026-03-06 02:19:55 [INFO] train_signal_model: t0  - MAE: 20.9652 ns, RMSE: 33.7282 ns, Pearson: 0.5058, Spearman: 0.5609
2026-03-06 02:19:55 [INFO] train_signal_model: amp - MAE: 2.0003, RMSE: 2.9658, Pearson: 0.6961, Spearman: 0.6665
2026-03-06 02:19:55 [INFO] train_signal_model: Saved per-slot MAE plot to 'training_plots/signal_model_per_slot_mae.png'
2026-03-06 02:19:55 [INFO] __main__: Finished: train signal model (1.7s)
2026-03-06 02:19:55 [INFO] __main__: ==================================================
2026-03-06 02:19:55 [INFO] __main__: Step 6/7: Comparing predictions
2026-03-06 02:19:55 [INFO] __main__: ==================================================
2026-03-06 02:19:56 [WARNING] tensorflow: 5 out of the last 9 calls to <function TensorFlowTrainer.make_predict_function.<locals>.one_step_on_data_distributed at 0x70d7746bc670> triggered tf.function retracing. Tracing is expensive and the excessive number of tracings could be due to (1) creating @tf.function repeatedly in a loop, (2) passing tensors with different shapes, (3) passing Python objects instead of tensors. For (1), please define your @tf.function outside of the loop. For (2), @tf.function has reduce_retracing=True option that can avoid unnecessary retracing. For (3), please refer to https://www.tensorflow.org/guide/function#controlling_retracing and https://www.tensorflow.org/api_docs/python/tf/function for  more details.
2026-03-06 02:19:56 [INFO] compare_signal_predictions: ==================================================
2026-03-06 02:19:56 [INFO] compare_signal_predictions: Signal Prediction Metrics (positional matching)
2026-03-06 02:19:56 [INFO] compare_signal_predictions: ==================================================
2026-03-06 02:19:56 [INFO] compare_signal_predictions:   t0  - MAE: 25.8383 ns, RMSE: 38.0100 ns, R2: -0.2580, Pearson: 0.2863, Spearman: 0.3245
2026-03-06 02:19:56 [INFO] compare_signal_predictions:   amp - MAE: 2.5449, RMSE: 3.2698, R2: -0.0172, Pearson: 0.4104, Spearman: 0.3572
2026-03-06 02:19:56 [INFO] compare_signal_predictions:   Count model accuracy: 0.5140
2026-03-06 02:19:56 [INFO] compare_signal_predictions:   Per-true-count breakdown:
2026-03-06 02:19:56 [INFO] compare_signal_predictions:     count=1: n=72, t0 MAE=35.9967 ns, amp MAE=1.8297
2026-03-06 02:19:56 [INFO] compare_signal_predictions:     count=2: n=105, t0 MAE=30.9235 ns, amp MAE=2.8166
2026-03-06 02:19:56 [INFO] compare_signal_predictions:     count=3: n=169, t0 MAE=26.3807 ns, amp MAE=2.7211
2026-03-06 02:19:56 [INFO] compare_signal_predictions:     count=4: n=419, t0 MAE=18.3437 ns, amp MAE=2.0410
2026-03-06 02:19:56 [INFO] compare_signal_predictions:     count=5: n=372, t0 MAE=23.9179 ns, amp MAE=2.4289
2026-03-06 02:19:56 [INFO] compare_signal_predictions:     count=6: n=394, t0 MAE=32.1773 ns, amp MAE=3.1732
2026-03-06 02:19:56 [INFO] compare_signal_predictions: ==================================================
2026-03-06 02:19:56 [INFO] compare_signal_predictions: Comparison plots saved (1531 signal pairs, count accuracy: 0.5140)
2026-03-06 02:19:56 [INFO] __main__: Finished: compare predictions (1.0s)
2026-03-06 02:19:56 [INFO] __main__: ==================================================
2026-03-06 02:19:56 [INFO] __main__: Step 7/7: Plotting individual waveforms
2026-03-06 02:19:56 [INFO] __main__: ==================================================
2026-03-06 02:19:58 [INFO] plot_individual_waveform: Saved 9 waveform plots to 'waveform_inspection/'
2026-03-06 02:19:58 [INFO] __main__: Finished: plot individual waveforms (1.6s)
2026-03-06 02:19:58 [INFO] __main__: ==================================================
2026-03-06 02:19:58 [INFO] __main__: Pipeline timing summary:
2026-03-06 02:19:58 [INFO] __main__:   Step 1/7: Generating waveforms: 0.1s
2026-03-06 02:19:58 [INFO] __main__:   Step 2/7: Subtracting baselines: 0.2s
2026-03-06 02:19:58 [INFO] __main__:   Step 3/7: Preparing ML dataset: 0.0s
2026-03-06 02:19:58 [INFO] __main__:   Step 4/7: Training count model: 4.1s
2026-03-06 02:19:58 [INFO] __main__:   Step 5/7: Training signal model: 1.7s
2026-03-06 02:19:58 [INFO] __main__:   Step 6/7: Comparing predictions: 1.0s
2026-03-06 02:19:58 [INFO] __main__:   Step 7/7: Plotting individual waveforms: 1.6s
2026-03-06 02:19:58 [INFO] __main__:   Total: 8.8s
2026-03-06 02:19:58 [INFO] __main__: ==================================================
2026-03-06 02:19:58 [INFO] __main__: Experiment saved to 'experiments/2026-03-06_02-19-58_config_test/'
2026-03-06 02:26:03 [INFO] __main__: ==================================================
2026-03-06 02:26:03 [INFO] __main__: Step 1/7: Generating waveforms
2026-03-06 02:26:03 [INFO] __main__: ==================================================
2026-03-06 02:26:03 [INFO] gen_wave: Generating 500 waveforms into 'waveform_raw/'
2026-03-06 02:26:03 [INFO] gen_wave: Generated 500 waveforms in 'waveform_raw/'
2026-03-06 02:26:03 [INFO] __main__: Finished: generate waveforms (0.0s)
2026-03-06 02:26:03 [INFO] __main__: ==================================================
2026-03-06 02:26:03 [INFO] __main__: Step 2/7: Subtracting baselines
2026-03-06 02:26:03 [INFO] __main__: ==================================================
2026-03-06 02:26:03 [INFO] baseline_subtract: Processing 500 waveforms (window=31, quantile=0.1)
2026-03-06 02:26:03 [INFO] baseline_subtract: Baseline subtracted for 500 waveforms into 'waveform_baseline_removed/'
2026-03-06 02:26:03 [INFO] __main__: Finished: baseline subtraction (0.0s)
2026-03-06 02:26:03 [INFO] __main__: ==================================================
2026-03-06 02:26:03 [INFO] __main__: Step 3/7: Preparing ML dataset
2026-03-06 02:26:03 [INFO] __main__: ==================================================
2026-03-06 02:26:03 [INFO] prepare_ml_dataset: Saved training datasets to 'ml_training_data/' (500 samples)
2026-03-06 02:26:03 [INFO] __main__: Finished: prepare dataset (0.0s)
2026-03-06 02:26:03 [INFO] __main__: ==================================================
2026-03-06 02:26:03 [INFO] __main__: Steps 4-5/7: Training both models in parallel
2026-03-06 02:26:03 [INFO] __main__: ==================================================
2026-03-06 02:26:05 [INFO] train_signal_model: Loaded 500 waveforms (120 time bins, max_signals=7)
2026-03-06 02:26:05 [INFO] train_count_model: Loaded 500 waveforms (120 time bins)
2026-03-06 02:26:07 [INFO] train_count_model: Saved model to 'signal_count_model.keras' and training plot
2026-03-06 02:26:07 [INFO] train_signal_model: Saved model to 'signal_model.keras' and training plot
2026-03-06 02:26:07 [INFO] train_count_model: Final validation accuracy: 0.4600
2026-03-06 02:26:07 [INFO] train_count_model: Classification Report:
              precision    recall  f1-score   support

           0       0.58      1.00      0.73        11
           1       0.00      0.00      0.00        14
           2       0.46      0.73      0.56        15
           3       0.58      0.35      0.44        20
           4       0.25      0.30      0.27        10
           5       0.17      0.07      0.10        15
           6       0.48      0.87      0.62        15

    accuracy                           0.46       100
   macro avg       0.36      0.47      0.39       100
weighted avg       0.37      0.46      0.39       100

2026-03-06 02:26:07 [INFO] train_count_model: ROC AUC (macro OVR): 0.8614
2026-03-06 02:26:07 [INFO] train_count_model: PR AUC (macro): 0.5293
2026-03-06 02:26:07 [INFO] train_signal_model: t0  - MAE: 19.3157 ns, RMSE: 30.2763 ns, Pearson: 0.6403, Spearman: 0.6733
2026-03-06 02:26:07 [INFO] train_signal_model: amp - MAE: 1.9595, RMSE: 2.8683, Pearson: 0.6958, Spearman: 0.7147
2026-03-06 02:26:07 [INFO] train_count_model: Saved confusion matrix to 'training_plots/count_model_confusion_matrix.png'
2026-03-06 02:26:07 [INFO] train_signal_model: Saved per-slot MAE plot to 'training_plots/signal_model_per_slot_mae.png'
2026-03-06 02:26:07 [INFO] __main__: ==================================================
2026-03-06 02:26:07 [INFO] __main__: Step 6/7: Comparing predictions
2026-03-06 02:26:07 [INFO] __main__: ==================================================
2026-03-06 02:26:10 [INFO] compare_signal_predictions: ==================================================
2026-03-06 02:26:10 [INFO] compare_signal_predictions: Signal Prediction Metrics (positional matching)
2026-03-06 02:26:10 [INFO] compare_signal_predictions: ==================================================
2026-03-06 02:26:10 [INFO] compare_signal_predictions:   t0  - MAE: 25.8960 ns, RMSE: 34.8247 ns, R2: -0.0546, Pearson: 0.3585, Spearman: 0.3776
2026-03-06 02:26:10 [INFO] compare_signal_predictions:   amp - MAE: 2.6314, RMSE: 3.3346, R2: -0.0067, Pearson: 0.4097, Spearman: 0.3403
2026-03-06 02:26:10 [INFO] compare_signal_predictions:   Count model accuracy: 0.5240
2026-03-06 02:26:10 [INFO] compare_signal_predictions:   Per-true-count breakdown:
2026-03-06 02:26:10 [INFO] compare_signal_predictions:     count=1: n=57, t0 MAE=41.0858 ns, amp MAE=5.1302
2026-03-06 02:26:10 [INFO] compare_signal_predictions:     count=2: n=157, t0 MAE=31.3075 ns, amp MAE=2.7105
2026-03-06 02:26:10 [INFO] compare_signal_predictions:     count=3: n=280, t0 MAE=27.4440 ns, amp MAE=2.2965
2026-03-06 02:26:10 [INFO] compare_signal_predictions:     count=4: n=312, t0 MAE=23.8473 ns, amp MAE=2.0568
2026-03-06 02:26:10 [INFO] compare_signal_predictions:     count=5: n=365, t0 MAE=19.3354 ns, amp MAE=2.2763
2026-03-06 02:26:10 [INFO] compare_signal_predictions:     count=6: n=437, t0 MAE=27.9212 ns, amp MAE=3.1985
2026-03-06 02:26:10 [INFO] compare_signal_predictions: ==================================================
2026-03-06 02:26:11 [INFO] compare_signal_predictions: Comparison plots saved (1608 signal pairs, count accuracy: 0.5240)
2026-03-06 02:26:11 [INFO] __main__: Finished: compare predictions (1.4s)
2026-03-06 02:26:11 [INFO] __main__: ==================================================
2026-03-06 02:26:11 [INFO] __main__: Step 7/7: Plotting individual waveforms
2026-03-06 02:26:11 [INFO] __main__: ==================================================
2026-03-06 02:26:12 [INFO] plot_individual_waveform: Saved 9 waveform plots to 'waveform_inspection/'
2026-03-06 02:26:12 [INFO] __main__: Finished: plot individual waveforms (0.9s)
2026-03-06 02:26:12 [INFO] __main__: ==================================================
2026-03-06 02:26:12 [INFO] __main__: Pipeline timing summary:
2026-03-06 02:26:12 [INFO] __main__:   Step 1/7: Generating waveforms: 0.1s
2026-03-06 02:26:12 [INFO] __main__:   Step 2/7: Subtracting baselines: 0.2s
2026-03-06 02:26:12 [INFO] __main__:   Step 3/7: Preparing ML dataset: 0.0s
2026-03-06 02:26:12 [INFO] __main__:   Steps 4-5/7: Training both models (parallel): 4.5s
2026-03-06 02:26:12 [INFO] __main__:   Step 6/7: Comparing predictions: 3.5s
2026-03-06 02:26:12 [INFO] __main__:   Step 7/7: Plotting individual waveforms: 0.9s
2026-03-06 02:26:12 [INFO] __main__:   Total: 9.2s
2026-03-06 02:26:12 [INFO] __main__: ==================================================
2026-03-06 02:26:12 [INFO] __main__: Experiment saved to 'experiments/2026-03-06_02-26-12_perf_test/'
2026-03-06 02:27:24 [INFO] __main__: ==================================================
2026-03-06 02:27:24 [INFO] __main__: Step 1/7: Generating waveforms
2026-03-06 02:27:24 [INFO] __main__: ==================================================
2026-03-06 02:27:24 [INFO] gen_wave: Generating 50000 waveforms into 'waveform_raw/'
2026-03-06 02:27:25 [INFO] gen_wave: Generated 50000 waveforms in 'waveform_raw/'
2026-03-06 02:27:25 [INFO] __main__: Finished: generate waveforms (1.1s)
2026-03-06 02:27:25 [INFO] __main__: ==================================================
2026-03-06 02:27:25 [INFO] __main__: Step 2/7: Subtracting baselines
2026-03-06 02:27:25 [INFO] __main__: ==================================================
2026-03-06 02:27:25 [INFO] baseline_subtract: Processing 50000 waveforms (window=31, quantile=0.1)
2026-03-06 02:27:27 [INFO] baseline_subtract: Baseline subtracted for 50000 waveforms into 'waveform_baseline_removed/'
2026-03-06 02:27:27 [INFO] __main__: Finished: baseline subtraction (2.4s)
2026-03-06 02:27:27 [INFO] __main__: ==================================================
2026-03-06 02:27:27 [INFO] __main__: Step 3/7: Preparing ML dataset
2026-03-06 02:27:27 [INFO] __main__: ==================================================
2026-03-06 02:27:28 [INFO] prepare_ml_dataset: Saved training datasets to 'ml_training_data/' (50000 samples)
2026-03-06 02:27:28 [INFO] __main__: Finished: prepare dataset (0.3s)
2026-03-06 02:27:28 [INFO] __main__: ==================================================
2026-03-06 02:27:28 [INFO] __main__: Steps 4-5/7: Training both models in parallel
2026-03-06 02:27:28 [INFO] __main__: ==================================================
2026-03-06 02:27:30 [INFO] train_count_model: Loaded 50000 waveforms (120 time bins)
2026-03-06 02:27:30 [INFO] train_signal_model: Loaded 50000 waveforms (120 time bins, max_signals=7)
2026-03-06 02:32:16 [INFO] train_count_model: Saved model to 'signal_count_model.keras' and training plot
2026-03-06 02:32:19 [INFO] train_count_model: Final validation accuracy: 0.8571
2026-03-06 02:32:19 [INFO] train_count_model: Classification Report:
              precision    recall  f1-score   support

           0       1.00      1.00      1.00      1388
           1       0.98      0.99      0.99      1461
           2       0.94      0.96      0.95      1511
           3       0.84      0.88      0.86      1382
           4       0.77      0.72      0.75      1429
           5       0.64      0.67      0.65      1398
           6       0.81      0.76      0.78      1431

    accuracy                           0.86     10000
   macro avg       0.86      0.86      0.86     10000
weighted avg       0.86      0.86      0.86     10000

2026-03-06 02:32:19 [INFO] train_count_model: ROC AUC (macro OVR): 0.9807
2026-03-06 02:32:19 [INFO] train_count_model: PR AUC (macro): 0.8893
2026-03-06 02:32:20 [INFO] train_count_model: Saved confusion matrix to 'training_plots/count_model_confusion_matrix.png'
2026-03-06 02:33:44 [INFO] train_signal_model: Saved model to 'signal_model.keras' and training plot
2026-03-06 02:33:45 [INFO] train_signal_model: t0  - MAE: 3.9157 ns, RMSE: 12.6018 ns, Pearson: 0.9377, Spearman: 0.8639
2026-03-06 02:33:45 [INFO] train_signal_model: amp - MAE: 0.6889, RMSE: 1.4879, Pearson: 0.9284, Spearman: 0.8566
2026-03-06 02:33:45 [INFO] train_signal_model: Saved per-slot MAE plot to 'training_plots/signal_model_per_slot_mae.png'
2026-03-06 02:33:45 [INFO] __main__: ==================================================
2026-03-06 02:33:45 [INFO] __main__: Step 6/7: Comparing predictions
2026-03-06 02:33:45 [INFO] __main__: ==================================================
2026-03-06 02:33:54 [INFO] compare_signal_predictions: ==================================================
2026-03-06 02:33:54 [INFO] compare_signal_predictions: Signal Prediction Metrics (positional matching)
2026-03-06 02:33:54 [INFO] compare_signal_predictions: ==================================================
2026-03-06 02:33:54 [INFO] compare_signal_predictions:   t0  - MAE: 4.2683 ns, RMSE: 9.9175 ns, R2: 0.8947, Pearson: 0.9463, Spearman: 0.9506
2026-03-06 02:33:54 [INFO] compare_signal_predictions:   amp - MAE: 0.9703, RMSE: 1.5548, R2: 0.6421, Pearson: 0.8053, Spearman: 0.8130
2026-03-06 02:33:54 [INFO] compare_signal_predictions:   Count model accuracy: 0.9222
2026-03-06 02:33:54 [INFO] compare_signal_predictions:   Per-true-count breakdown:
2026-03-06 02:33:54 [INFO] compare_signal_predictions:     count=1: n=7196, t0 MAE=0.8331 ns, amp MAE=0.2208
2026-03-06 02:33:54 [INFO] compare_signal_predictions:     count=2: n=14548, t0 MAE=1.6210 ns, amp MAE=0.4274
2026-03-06 02:33:54 [INFO] compare_signal_predictions:     count=3: n=21504, t0 MAE=2.8596 ns, amp MAE=0.6927
2026-03-06 02:33:54 [INFO] compare_signal_predictions:     count=4: n=28759, t0 MAE=5.0603 ns, amp MAE=1.0670
2026-03-06 02:33:54 [INFO] compare_signal_predictions:     count=5: n=35032, t0 MAE=5.5342 ns, amp MAE=1.1710
2026-03-06 02:33:54 [INFO] compare_signal_predictions:     count=6: n=41370, t0 MAE=4.9066 ns, amp MAE=1.1989
2026-03-06 02:33:54 [INFO] compare_signal_predictions: ==================================================
2026-03-06 02:33:55 [INFO] compare_signal_predictions: Comparison plots saved (148409 signal pairs, count accuracy: 0.9222)
2026-03-06 02:33:55 [INFO] __main__: Finished: compare predictions (7.7s)
2026-03-06 02:33:55 [INFO] __main__: ==================================================
2026-03-06 02:33:55 [INFO] __main__: Step 7/7: Plotting individual waveforms
2026-03-06 02:33:55 [INFO] __main__: ==================================================
2026-03-06 02:34:17 [INFO] plot_individual_waveform: Saved 299 waveform plots to 'waveform_inspection/'
2026-03-06 02:34:17 [INFO] __main__: Finished: plot individual waveforms (21.5s)
2026-03-06 02:34:17 [INFO] __main__: ==================================================
2026-03-06 02:34:17 [INFO] __main__: Pipeline timing summary:
2026-03-06 02:34:17 [INFO] __main__:   Step 1/7: Generating waveforms: 1.1s
2026-03-06 02:34:17 [INFO] __main__:   Step 2/7: Subtracting baselines: 2.6s
2026-03-06 02:34:17 [INFO] __main__:   Step 3/7: Preparing ML dataset: 0.3s
2026-03-06 02:34:17 [INFO] __main__:   Steps 4-5/7: Training both models (parallel): 377.9s
2026-03-06 02:34:17 [INFO] __main__:   Step 6/7: Comparing predictions: 10.0s
2026-03-06 02:34:17 [INFO] __main__:   Step 7/7: Plotting individual waveforms: 21.5s
2026-03-06 02:34:17 [INFO] __main__:   Total: 413.4s
2026-03-06 02:34:17 [INFO] __main__: ==================================================
